*** Starting uWSGI 2.0.19.1 (64bit) on [Wed Feb 24 16:36:38 2021] ***
compiled with version: 7.5.0 on 24 February 2021 08:02:25
os: Linux-4.15.0-135-generic #139-Ubuntu SMP Mon Jan 18 17:38:24 UTC 2021
nodename: iZ8vb1o9x5vmr6vy4go7tsZ
machine: x86_64
clock source: unix
detected number of CPU cores: 1
current working directory: /p5py
detected binary path: /root/.virtualenvs/p5py/bin/uwsgi
!!! no internal routing support, rebuild with pcre support !!!
uWSGI running as root, you can use --uid/--gid/--chroot options
*** WARNING: you are running uWSGI as root !!! (use the --uid flag) *** 
chdir() to /p5py
your processes number limit is 7794
your memory page size is 4096 bytes
detected max file descriptor number: 65535
lock engine: pthread robust mutexes
thunder lock: disabled (you can enable it with --thunder-lock)
uwsgi socket 0 bound to TCP address :8080 fd 3
uWSGI running as root, you can use --uid/--gid/--chroot options
*** WARNING: you are running uWSGI as root !!! (use the --uid flag) *** 
Python version: 3.6.9 (default, Oct  8 2020, 12:12:24)  [GCC 8.4.0]
*** Python threads support is disabled. You can enable it with --enable-threads ***
Python main interpreter initialized at 0x563aefcf2030
uWSGI running as root, you can use --uid/--gid/--chroot options
*** WARNING: you are running uWSGI as root !!! (use the --uid flag) *** 
your server socket listen backlog is limited to 100 connections
your mercy for graceful operations on workers is 60 seconds
mapped 364520 bytes (355 KB) for 4 cores
*** Operational MODE: preforking ***
ModuleNotFoundError: No module named 'p5py/wsgi'
unable to load app 0 (mountpoint='') (callable not found or import error)
*** no app loaded. going in full dynamic mode ***
uWSGI running as root, you can use --uid/--gid/--chroot options
*** WARNING: you are running uWSGI as root !!! (use the --uid flag) *** 
*** uWSGI is running in multiple interpreter mode ***
spawned uWSGI master process (pid: 20148)
spawned uWSGI worker 1 (pid: 20149, cores: 1)
spawned uWSGI worker 2 (pid: 20150, cores: 1)
spawned uWSGI worker 3 (pid: 20151, cores: 1)
spawned uWSGI worker 4 (pid: 20152, cores: 1)
invalid request block size: 21573 (max 4096)...skip
invalid request block size: 21573 (max 4096)...skip
invalid request block size: 21573 (max 4096)...skip
invalid request block size: 21573 (max 4096)...skip
invalid request block size: 21573 (max 4096)...skip
invalid request block size: 21573 (max 4096)...skip
invalid request block size: 21573 (max 4096)...skip
invalid request block size: 21573 (max 4096)...skip
invalid request block size: 21573 (max 4096)...skip
*** Starting uWSGI 2.0.19.1 (64bit) on [Wed Feb 24 16:41:57 2021] ***
compiled with version: 7.5.0 on 24 February 2021 08:02:25
os: Linux-4.15.0-135-generic #139-Ubuntu SMP Mon Jan 18 17:38:24 UTC 2021
nodename: iZ8vb1o9x5vmr6vy4go7tsZ
machine: x86_64
clock source: unix
detected number of CPU cores: 1
current working directory: /p5py
detected binary path: /root/.virtualenvs/p5py/bin/uwsgi
!!! no internal routing support, rebuild with pcre support !!!
uWSGI running as root, you can use --uid/--gid/--chroot options
*** WARNING: you are running uWSGI as root !!! (use the --uid flag) *** 
chdir() to /p5py
your processes number limit is 7794
your memory page size is 4096 bytes
detected max file descriptor number: 65535
lock engine: pthread robust mutexes
thunder lock: disabled (you can enable it with --thunder-lock)
probably another instance of uWSGI is running on the same address (172.26.194.142:8080).
bind(): Address already in use [core/socket.c line 769]
invalid request block size: 21573 (max 4096)...skip
invalid request block size: 21573 (max 4096)...skip
invalid request block size: 21573 (max 4096)...skip
invalid request block size: 21573 (max 4096)...skip
invalid request block size: 21573 (max 4096)...skip
invalid request block size: 21573 (max 4096)...skip
invalid request block size: 21573 (max 4096)...skip
invalid request block size: 21573 (max 4096)...skip
invalid request block size: 21573 (max 4096)...skip
invalid request block size: 21573 (max 4096)...skip
invalid request block size: 21573 (max 4096)...skip
invalid request block size: 21573 (max 4096)...skip
invalid request block size: 21573 (max 4096)...skip
*** Starting uWSGI 2.0.19.1 (64bit) on [Wed Feb 24 16:51:54 2021] ***
compiled with version: 7.5.0 on 24 February 2021 08:02:25
os: Linux-4.15.0-135-generic #139-Ubuntu SMP Mon Jan 18 17:38:24 UTC 2021
nodename: iZ8vb1o9x5vmr6vy4go7tsZ
machine: x86_64
clock source: unix
detected number of CPU cores: 1
current working directory: /p5py
detected binary path: /root/.virtualenvs/p5py/bin/uwsgi
!!! no internal routing support, rebuild with pcre support !!!
uWSGI running as root, you can use --uid/--gid/--chroot options
*** WARNING: you are running uWSGI as root !!! (use the --uid flag) *** 
chdir() to /p5py
your processes number limit is 7794
your memory page size is 4096 bytes
detected max file descriptor number: 65535
lock engine: pthread robust mutexes
thunder lock: disabled (you can enable it with --thunder-lock)
probably another instance of uWSGI is running on the same address (172.26.194.142:8080).
bind(): Address already in use [core/socket.c line 769]
invalid request block size: 21573 (max 4096)...skip
Wed Feb 24 16:59:02 2021 - uWSGI worker 1 screams: UAAAAAAH my master disconnected: i will kill myself !!!
Wed Feb 24 16:59:02 2021 - uWSGI worker 2 screams: UAAAAAAH my master disconnected: i will kill myself !!!
Wed Feb 24 16:59:02 2021 - uWSGI worker 3 screams: UAAAAAAH my master disconnected: i will kill myself !!!
Wed Feb 24 16:59:02 2021 - uWSGI worker 4 screams: UAAAAAAH my master disconnected: i will kill myself !!!
